<?xml version="1.0" encoding="UTF-8"?>
<testng-results skipped="0" failed="0" total="1" passed="1">
  <reporter-output>
  </reporter-output>
  <suite name="TestSuite" duration-ms="1167489" started-at="2016-03-10T22:36:31Z" finished-at="2016-03-10T22:55:59Z">
    <groups>
    </groups>
    <test name="Unity" duration-ms="1167489" started-at="2016-03-10T22:36:31Z" finished-at="2016-03-10T22:55:59Z">
      <class name="tests.HappyPathTest">
        <test-method status="PASS" signature="suiteSetUp(org.testng.ITestContext)[pri:0, instance:tests.HappyPathTest@13077c64]" name="suiteSetUp" is-config="true" duration-ms="8" started-at="2016-03-10T16:36:31Z" finished-at="2016-03-10T16:36:31Z">
          <params>
            <param index="0">
              <value>
                <![CDATA[org.testng.TestRunner@746ebcbf]]>
              </value>
            </param>
          </params>
          <reporter-output>
          </reporter-output>
        </test-method> <!-- suiteSetUp -->
        <test-method status="PASS" signature="classSetUp(org.testng.ITestContext)[pri:0, instance:tests.HappyPathTest@13077c64]" name="classSetUp" is-config="true" duration-ms="2799" started-at="2016-03-10T16:36:31Z" finished-at="2016-03-10T16:36:34Z">
          <params>
            <param index="0">
              <value>
                <![CDATA[org.testng.TestRunner@746ebcbf]]>
              </value>
            </param>
          </params>
          <reporter-output>
          </reporter-output>
        </test-method> <!-- classSetUp -->
        <test-method status="PASS" signature="setUp()[pri:0, instance:tests.HappyPathTest@13077c64]" name="setUp" is-config="true" duration-ms="1289" started-at="2016-03-10T16:36:34Z" finished-at="2016-03-10T16:36:36Z">
          <reporter-output>
          </reporter-output>
        </test-method> <!-- setUp -->
        <test-method status="PASS" signature="runPath()[pri:0, instance:tests.HappyPathTest@13077c64]" name="runPath" duration-ms="1162199" started-at="2016-03-10T16:36:36Z" finished-at="2016-03-10T16:55:58Z">
          <reporter-output>
          </reporter-output>
        </test-method> <!-- runPath -->
        <test-method status="PASS" signature="tearDown()[pri:0, instance:tests.HappyPathTest@13077c64]" name="tearDown" is-config="true" duration-ms="0" started-at="2016-03-10T16:55:58Z" finished-at="2016-03-10T16:55:58Z">
          <reporter-output>
          </reporter-output>
        </test-method> <!-- tearDown -->
        <test-method status="PASS" signature="classTearDown()[pri:0, instance:tests.HappyPathTest@13077c64]" name="classTearDown" is-config="true" duration-ms="1187" started-at="2016-03-10T16:55:58Z" finished-at="2016-03-10T16:55:59Z">
          <reporter-output>
          </reporter-output>
        </test-method> <!-- classTearDown -->
      </class> <!-- tests.HappyPathTest -->
    </test> <!-- Unity -->
  </suite> <!-- TestSuite -->
</testng-results>
