<?xml version="1.0" encoding="UTF-8"?>
<!-- Generated by org.testng.reporters.JUnitXMLReporter -->
<testsuite hostname="juan-tribin" name="Unity" tests="1" failures="1" timestamp="10 Mar 2016 20:05:12 GMT" time="45.57" errors="0">
  <testcase name="runPath" time="40.128" classname="tests.HappyPathTest">
    <failure type="org.openqa.selenium.NoSuchElementException" message="no such element: Unable to locate element: {&amp;quot;method&amp;quot;:&amp;quot;id&amp;quot;,&amp;quot;selector&amp;quot;:&amp;quot;tile_view_user&amp;quot;}
  (Session info: chrome=48.0.2564.116)
  (Driver info: chromedriver=2.19.346078 (6f1f0cde889532d48ce8242342d0b84f94b114a1),platform=Windows NT 6.1 SP1 x86_64) (WARNING: The server did not provide any stacktrace information)
Command duration or timeout: 50 milliseconds
For documentation on this error, please visit: http://seleniumhq.org/exceptions/no_such_element.html
Build info: version: &amp;apos;2.45.0&amp;apos;, revision: &amp;apos;5017cb8&amp;apos;, time: &amp;apos;2015-02-26 23:59:50&amp;apos;
System info: host: &amp;apos;juan-tribin&amp;apos;, ip: &amp;apos;192.168.24.179&amp;apos;, os.name: &amp;apos;Windows 7&amp;apos;, os.arch: &amp;apos;amd64&amp;apos;, os.version: &amp;apos;6.1&amp;apos;, java.version: &amp;apos;1.7.0_09&amp;apos;
*** Element info: {Using=id, value=tile_view_user}
Session ID: cb1ad17561c8c6c6a28c392268f616df
Driver info: org.openqa.selenium.chrome.ChromeDriver
Capabilities [{platform=XP, acceptSslCerts=true, javascriptEnabled=true, browserName=chrome, chrome={userDataDir=C:\Users\ANDREA~1.CHA\AppData\Local\Temp\scoped_dir9264_22508}, rotatable=false, locationContextEnabled=true, mobileEmulationEnabled=false, version=48.0.2564.116, takesHeapSnapshot=true, cssSelectorsEnabled=true, databaseEnabled=false, handlesAlerts=true, browserConnectionEnabled=false, webStorageEnabled=true, nativeEvents=true, hasTouchScreen=false, applicationCacheEnabled=false, takesScreenshot=true}]">
      <![CDATA[org.openqa.selenium.NoSuchElementException: no such element: Unable to locate element: {"method":"id","selector":"tile_view_user"}
  (Session info: chrome=48.0.2564.116)
  (Driver info: chromedriver=2.19.346078 (6f1f0cde889532d48ce8242342d0b84f94b114a1),platform=Windows NT 6.1 SP1 x86_64) (WARNING: The server did not provide any stacktrace information)
Command duration or timeout: 50 milliseconds
For documentation on this error, please visit: http://seleniumhq.org/exceptions/no_such_element.html
Build info: version: '2.45.0', revision: '5017cb8', time: '2015-02-26 23:59:50'
System info: host: 'juan-tribin', ip: '192.168.24.179', os.name: 'Windows 7', os.arch: 'amd64', os.version: '6.1', java.version: '1.7.0_09'
*** Element info: {Using=id, value=tile_view_user}
Session ID: cb1ad17561c8c6c6a28c392268f616df
Driver info: org.openqa.selenium.chrome.ChromeDriver
Capabilities [{platform=XP, acceptSslCerts=true, javascriptEnabled=true, browserName=chrome, chrome={userDataDir=C:\Users\ANDREA~1.CHA\AppData\Local\Temp\scoped_dir9264_22508}, rotatable=false, locationContextEnabled=true, mobileEmulationEnabled=false, version=48.0.2564.116, takesHeapSnapshot=true, cssSelectorsEnabled=true, databaseEnabled=false, handlesAlerts=true, browserConnectionEnabled=false, webStorageEnabled=true, nativeEvents=true, hasTouchScreen=false, applicationCacheEnabled=false, takesScreenshot=true}]
	at org.openqa.selenium.remote.ErrorHandler.createThrowable(ErrorHandler.java:204)
	at org.openqa.selenium.remote.ErrorHandler.throwIfResponseFailed(ErrorHandler.java:156)
	at org.openqa.selenium.remote.RemoteWebDriver.execute(RemoteWebDriver.java:599)
	at org.openqa.selenium.remote.RemoteWebDriver.findElement(RemoteWebDriver.java:352)
	at org.openqa.selenium.remote.RemoteWebDriver.findElementById(RemoteWebDriver.java:393)
	at org.openqa.selenium.By$ById.findElement(By.java:214)
	at org.openqa.selenium.remote.RemoteWebDriver.findElement(RemoteWebDriver.java:344)
	at org.openqa.selenium.support.pagefactory.DefaultElementLocator.findElement(DefaultElementLocator.java:59)
	at org.openqa.selenium.support.pagefactory.internal.LocatingElementHandler.invoke(LocatingElementHandler.java:37)
	at $Proxy11.isEnabled(Unknown Source)
	at pages.DashBoard.goToUsers(DashBoard.java:194)
	at tests.HappyPathTest.runPath(HappyPathTest.java:126)
... Removed 28 stack frames]]>
    </failure>
  </testcase> <!-- runPath -->
</testsuite> <!-- Unity -->
